<?xml version="1.0" encoding="UTF-8"?>
<!-- Generated by org.testng.reporters.JUnitReportReporter -->
<testsuite hostname="DESKTOP-SQMA1VG" failures="0" tests="1" name="org.train.test.Checklogin" time="28.224" errors="0" timestamp="10 Jan 2021 03:08:40 GMT" skipped="0">
  <testcase classname="org.train.test.Checklogin" name="verifyLogin" time="28.224"/>
</testsuite> <!-- org.train.test.Checklogin -->
